<?xml version="1.0" encoding="UTF-8"?>
<!-- Generated by org.testng.reporters.JUnitReportReporter -->
<testsuite hostname="Heshans-Air" failures="0" tests="2" name="SeleniumFramework.UserFlow" time="31.298" errors="0" timestamp="2024-06-17T12:17:42 GST" skipped="0">
  <testcase classname="SeleniumFramework.UserFlow" name="userFlow" time="14.509"/>
  <testcase classname="SeleniumFramework.UserFlow" name="userFlow" time="16.789"/>
</testsuite> <!-- SeleniumFramework.UserFlow -->
